Arguments: 
  /usr/local/bin/node /home/cleber/.yarn/bin/yarn.js add pŕisma typescript ts-node

PATH: 
  /home/cleber/.yarn/bin:/home/cleber/.config/yarn/global/node_modules/.bin:/home/cleber/.yarn/bin:/home/cleber/.config/yarn/global/node_modules/.bin:/usr/local/sbin:/usr/local/bin:/usr/sbin:/usr/bin:/sbin:/bin:/usr/games:/usr/local/games:/snap/bin:/snap/bin

Yarn version: 
  1.22.19

Node version: 
  18.0.0

Platform: 
  linux x64

Trace: 
  TypeError [ERR_UNESCAPED_CHARACTERS]: https://registry.yarnpkg.com/pŕisma: Request path contains unescaped characters
      at new NodeError (node:internal/errors:372:5)
      at new ClientRequest (node:_http_client:160:13)
      at Object.request (node:https:352:10)
      at module.exports.Request.start (/home/cleber/.yarn/lib/cli.js:141452:32)
      at module.exports.Request.end (/home/cleber/.yarn/lib/cli.js:142211:10)
      at end (/home/cleber/.yarn/lib/cli.js:141265:14)
      at Immediate.<anonymous> (/home/cleber/.yarn/lib/cli.js:141279:7)
      at process.processImmediate (node:internal/timers:471:21)

npm manifest: 
  {
    "name": "usandoPrisma",
    "version": "1.0.0",
    "main": "index.js",
    "license": "MIT"
  }

yarn manifest: 
  No manifest

Lockfile: 
  No lockfile
